<?xml version="1.0" encoding="UTF-8"?>
<robot generator="Robot 5.0.1 (Python 3.10.7 on win32)" generated="20220928 00:31:40.323" rpa="false" schemaversion="3">
<suite id="s1" name="Exercicioemail" source="C:\Users\fabic\Documents\PHA Treinamento Setembro\exercicioemail.robot">
<test id="s1-t1" name="Validar soma de dois números" line="16">
<kw name="Montar email">
<arg>fabi</arg>
<arg>_canedo</arg>
<arg>_30</arg>
<msg timestamp="20220928 00:31:40.691" level="FAIL">Keyword 'Montar email' expected 4 arguments, got 3.</msg>
<status status="FAIL" starttime="20220928 00:31:40.691" endtime="20220928 00:31:40.691"/>
</kw>
<tag>EMAIL</tag>
<status status="FAIL" starttime="20220928 00:31:40.691" endtime="20220928 00:31:40.696">Keyword 'Montar email' expected 4 arguments, got 3.</status>
</test>
<doc>Aqui neste arquivo estaram presentes todos os tipos de
variáveis que iremos estudar ao longo do treinamento.</doc>
<status status="FAIL" starttime="20220928 00:31:40.327" endtime="20220928 00:31:40.699"/>
</suite>
<statistics>
<total>
<stat pass="0" fail="1" skip="0">All Tests</stat>
</total>
<tag>
<stat pass="0" fail="1" skip="0">EMAIL</stat>
</tag>
<suite>
<stat pass="0" fail="1" skip="0" id="s1" name="Exercicioemail">Exercicioemail</stat>
</suite>
</statistics>
<errors>
</errors>
</robot>
