<?xml version="1.0" encoding="UTF-8"?>
<robot generator="Robot 5.0.1 (Python 3.10.7 on win32)" generated="20220926 21:39:30.019" rpa="false" schemaversion="3">
<suite id="s1" name="Variables" source="C:\Users\fabic\Documents\PHA Treinamento Setembro\variables.robot">
<test id="s1-t1" name="Validar abertura do Browser" line="26">
<kw name="Abrir o meu navegador">
<kw name="Open Browser" library="SeleniumLibrary">
<arg>${URL}</arg>
<arg>${BROWSER}</arg>
<doc>Opens a new browser instance to the optional ``url``.</doc>
<msg timestamp="20220926 21:39:30.382" level="INFO">Opening browser 'chrome' to base url 'https://robotframework.org/'.</msg>
<status status="PASS" starttime="20220926 21:39:30.382" endtime="20220926 21:39:36.042"/>
</kw>
<kw name="Maximize Browser Window" library="SeleniumLibrary">
<doc>Maximizes current browser window.</doc>
<status status="PASS" starttime="20220926 21:39:36.042" endtime="20220926 21:39:36.182"/>
</kw>
<status status="PASS" starttime="20220926 21:39:30.381" endtime="20220926 21:39:36.182"/>
</kw>
<kw name="Fechar Browser">
<kw name="Sleep" library="BuiltIn">
<arg>5</arg>
<doc>Pauses the test executed for the given time.</doc>
<msg timestamp="20220926 21:39:41.187" level="INFO">Slept 5 seconds</msg>
<status status="PASS" starttime="20220926 21:39:36.183" endtime="20220926 21:39:41.187"/>
</kw>
<kw name="Close Browser" library="SeleniumLibrary">
<doc>Closes the current browser.</doc>
<status status="PASS" starttime="20220926 21:39:41.187" endtime="20220926 21:39:43.424"/>
</kw>
<status status="PASS" starttime="20220926 21:39:36.183" endtime="20220926 21:39:43.424"/>
</kw>
<status status="PASS" starttime="20220926 21:39:30.380" endtime="20220926 21:39:43.426"/>
</test>
<doc>Aqui neste arquivo estarão presentes todos os tipos de variáveis
que iremos usar ao longo do treinamento.</doc>
<status status="PASS" starttime="20220926 21:39:30.021" endtime="20220926 21:39:43.428"/>
</suite>
<statistics>
<total>
<stat pass="1" fail="0" skip="0">All Tests</stat>
</total>
<tag>
</tag>
<suite>
<stat pass="1" fail="0" skip="0" id="s1" name="Variables">Variables</stat>
</suite>
</statistics>
<errors>
</errors>
</robot>
